<?xml version="1.0" encoding="UTF-8"?>
<!-- Generated by org.testng.reporters.JUnitReportReporter -->
<testsuite skipped="0" hostname="VDG-P-DEV19-064" name="TestRaviGroup.TestRaviArtifact.RCBTest" tests="2" failures="0" timestamp="31 Dec 2022 06:17:06 GMT" time="1.413" errors="0">
  <testcase name="ForeignPlayers" time="1.233" classname="TestRaviGroup.TestRaviArtifact.RCBTest"/>
  <testcase name="WicketKeepers" time="0.180" classname="TestRaviGroup.TestRaviArtifact.RCBTest"/>
</testsuite> <!-- TestRaviGroup.TestRaviArtifact.RCBTest -->
