<?xml version="1.0" encoding="UTF-8"?>
<!-- Generated by org.testng.reporters.JUnitReportReporter -->
<testsuite skipped="0" hostname="VDG-P-DEV19-064" name="TestPackage.RCBTest" tests="2" failures="0" timestamp="31 Dec 2022 08:31:19 GMT" time="1.475" errors="0">
  <testcase name="ForeignPlayers" time="1.279" classname="TestPackage.RCBTest"/>
  <testcase name="WicketKeepers" time="0.196" classname="TestPackage.RCBTest"/>
</testsuite> <!-- TestPackage.RCBTest -->
